The system is: Linux - 6.0.8-arch1-1 - aarch64
Compiling the CXX compiler identification source file "CMakeCXXCompilerId.cpp" succeeded.
Compiler: /usr/bin/c++ 
Build flags: -march=armv8-a;-O2;-pipe;-fstack-protector-strong;-fno-plt;-fexceptions;;;;;;;;;-Wp,-D_FORTIFY_SOURCE=2;-Wformat;-Werror=format-security;;;;;;;;;-fstack-clash-protection;-Wp,-D_GLIBCXX_ASSERTIONS
Id flags:  

The output was:
0


Compilation of the CXX compiler identification source "CMakeCXXCompilerId.cpp" produced "a.out"

The CXX compiler identification is GNU, found in "/home/builder/packages/nheko/src/build/CMakeFiles/3.24.3/CompilerIdCXX/a.out"

Compiling the C compiler identification source file "CMakeCCompilerId.c" succeeded.
Compiler: /usr/bin/cc 
Build flags: -march=armv8-a;-O2;-pipe;-fstack-protector-strong;-fno-plt;-fexceptions;;;;;;;;;-Wp,-D_FORTIFY_SOURCE=2;-Wformat;-Werror=format-security;;;;;;;;;-fstack-clash-protection
Id flags:  

The output was:
0


Compilation of the C compiler identification source "CMakeCCompilerId.c" produced "a.out"

The C compiler identification is GNU, found in "/home/builder/packages/nheko/src/build/CMakeFiles/3.24.3/CompilerIdC/a.out"

Detecting CXX compiler ABI info compiled with the following output:
Change Dir: /home/builder/packages/nheko/src/build/CMakeFiles/CMakeTmp

Run Build Command(s):/usr/bin/make -f Makefile cmTC_8b47c/fast && /usr/bin/make  -f CMakeFiles/cmTC_8b47c.dir/build.make CMakeFiles/cmTC_8b47c.dir/build
make[1]: Entering directory '/home/builder/packages/nheko/src/build/CMakeFiles/CMakeTmp'
Building CXX object CMakeFiles/cmTC_8b47c.dir/CMakeCXXCompilerABI.cpp.o
/usr/bin/c++   -march=armv8-a -O2 -pipe -fstack-protector-strong -fno-plt -fexceptions         -Wp,-D_FORTIFY_SOURCE=2 -Wformat         -fstack-clash-protection -Wp,-D_GLIBCXX_ASSERTIONS  -fPIE   -v -std=gnu++17 -o CMakeFiles/cmTC_8b47c.dir/CMakeCXXCompilerABI.cpp.o -c /usr/share/cmake/Modules/CMakeCXXCompilerABI.cpp
Using built-in specs.
COLLECT_GCC=/usr/bin/c++
Target: aarch64-unknown-linux-gnu
Configured with: /build/gcc/src/gcc/configure --enable-languages=c,c++,fortran,go,lto,objc,obj-c++ --enable-bootstrap --prefix=/usr --libdir=/usr/lib --libexecdir=/usr/lib --mandir=/usr/share/man --infodir=/usr/share/info --with-bugurl=https://github.com/archlinuxarm/PKGBUILDs/issues --with-linker-hash-style=gnu --with-system-zlib --enable-__cxa_atexit --enable-checking=release --enable-clocale=gnu --enable-default-pie --enable-default-ssp --enable-gnu-indirect-function --enable-gnu-unique-object --enable-linker-build-id --enable-lto --enable-plugin --enable-shared --enable-threads=posix --disable-libssp --disable-libstdcxx-pch --disable-multilib --disable-werror --host=aarch64-unknown-linux-gnu --build=aarch64-unknown-linux-gnu --with-arch=armv8-a --enable-fix-cortex-a53-835769 --enable-fix-cortex-a53-843419
Thread model: posix
Supported LTO compression algorithms: zlib zstd
gcc version 12.1.0 (GCC) 
COLLECT_GCC_OPTIONS='-march=armv8-a' '-O2' '-pipe' '-fstack-protector-strong' '-fno-plt' '-fexceptions' '-Wformat=1' '-fstack-clash-protection' '-fPIE' '-v' '-std=gnu++17' '-o' 'CMakeFiles/cmTC_8b47c.dir/CMakeCXXCompilerABI.cpp.o' '-c' '-shared-libgcc' '-mlittle-endian' '-mabi=lp64' '-dumpdir' 'CMakeFiles/cmTC_8b47c.dir/'
 /usr/lib/gcc/aarch64-unknown-linux-gnu/12.1.0/cc1plus -quiet -v -D_GNU_SOURCE -D_FORTIFY_SOURCE=2 -D_GLIBCXX_ASSERTIONS /usr/share/cmake/Modules/CMakeCXXCompilerABI.cpp -quiet -dumpdir CMakeFiles/cmTC_8b47c.dir/ -dumpbase CMakeCXXCompilerABI.cpp.cpp -dumpbase-ext .cpp -march=armv8-a -mlittle-endian -mabi=lp64 -O2 -Wformat=1 -std=gnu++17 -version -fstack-protector-strong -fno-plt -fexceptions -fstack-clash-protection -fPIE -o - |
 as -v -EL -march=armv8-a -mabi=lp64 -o CMakeFiles/cmTC_8b47c.dir/CMakeCXXCompilerABI.cpp.o
GNU assembler version 2.38 (aarch64-unknown-linux-gnu) using BFD version (GNU Binutils) 2.38
GNU C++17 (GCC) version 12.1.0 (aarch64-unknown-linux-gnu)
	compiled by GNU C version 12.1.0, GMP version 6.2.1, MPFR version 4.1.0-p13, MPC version 1.2.1, isl version isl-0.25-GMP

GGC heuristics: --param ggc-min-expand=100 --param ggc-min-heapsize=131072
ignoring nonexistent directory "/usr/lib/gcc/aarch64-unknown-linux-gnu/12.1.0/../../../../aarch64-unknown-linux-gnu/include"
#include "..." search starts here:
#include <...> search starts here:
 /usr/lib/gcc/aarch64-unknown-linux-gnu/12.1.0/../../../../include/c++/12.1.0
 /usr/lib/gcc/aarch64-unknown-linux-gnu/12.1.0/../../../../include/c++/12.1.0/aarch64-unknown-linux-gnu
 /usr/lib/gcc/aarch64-unknown-linux-gnu/12.1.0/../../../../include/c++/12.1.0/backward
 /usr/lib/gcc/aarch64-unknown-linux-gnu/12.1.0/include
 /usr/local/include
 /usr/lib/gcc/aarch64-unknown-linux-gnu/12.1.0/include-fixed
 /usr/include
End of search list.
GNU C++17 (GCC) version 12.1.0 (aarch64-unknown-linux-gnu)
	compiled by GNU C version 12.1.0, GMP version 6.2.1, MPFR version 4.1.0-p13, MPC version 1.2.1, isl version isl-0.25-GMP

GGC heuristics: --param ggc-min-expand=100 --param ggc-min-heapsize=131072
Compiler executable checksum: 8276d83b1cdec1f6cfbf45d3f1969573
COMPILER_PATH=/usr/lib/gcc/aarch64-unknown-linux-gnu/12.1.0/:/usr/lib/gcc/aarch64-unknown-linux-gnu/12.1.0/:/usr/lib/gcc/aarch64-unknown-linux-gnu/:/usr/lib/gcc/aarch64-unknown-linux-gnu/12.1.0/:/usr/lib/gcc/aarch64-unknown-linux-gnu/
LIBRARY_PATH=/usr/lib/gcc/aarch64-unknown-linux-gnu/12.1.0/:/usr/lib/gcc/aarch64-unknown-linux-gnu/12.1.0/../../../../lib/:/lib/../lib/:/usr/lib/../lib/:/usr/lib/gcc/aarch64-unknown-linux-gnu/12.1.0/../../../:/lib/:/usr/lib/
COLLECT_GCC_OPTIONS='-march=armv8-a' '-O2' '-pipe' '-fstack-protector-strong' '-fno-plt' '-fexceptions' '-Wformat=1' '-fstack-clash-protection' '-fPIE' '-v' '-std=gnu++17' '-o' 'CMakeFiles/cmTC_8b47c.dir/CMakeCXXCompilerABI.cpp.o' '-c' '-shared-libgcc' '-mlittle-endian' '-mabi=lp64' '-dumpdir' 'CMakeFiles/cmTC_8b47c.dir/CMakeCXXCompilerABI.cpp.'
Linking CXX executable cmTC_8b47c
/usr/bin/cmake -E cmake_link_script CMakeFiles/cmTC_8b47c.dir/link.txt --verbose=1
/usr/bin/c++ -march=armv8-a -O2 -pipe -fstack-protector-strong -fno-plt -fexceptions         -Wp,-D_FORTIFY_SOURCE=2 -Wformat         -fstack-clash-protection -Wp,-D_GLIBCXX_ASSERTIONS  -Wl,-O1,--sort-common,--as-needed,-z,relro,-z,now -v CMakeFiles/cmTC_8b47c.dir/CMakeCXXCompilerABI.cpp.o -o cmTC_8b47c 
Using built-in specs.
COLLECT_GCC=/usr/bin/c++
COLLECT_LTO_WRAPPER=/usr/lib/gcc/aarch64-unknown-linux-gnu/12.1.0/lto-wrapper
Target: aarch64-unknown-linux-gnu
Configured with: /build/gcc/src/gcc/configure --enable-languages=c,c++,fortran,go,lto,objc,obj-c++ --enable-bootstrap --prefix=/usr --libdir=/usr/lib --libexecdir=/usr/lib --mandir=/usr/share/man --infodir=/usr/share/info --with-bugurl=https://github.com/archlinuxarm/PKGBUILDs/issues --with-linker-hash-style=gnu --with-system-zlib --enable-__cxa_atexit --enable-checking=release --enable-clocale=gnu --enable-default-pie --enable-default-ssp --enable-gnu-indirect-function --enable-gnu-unique-object --enable-linker-build-id --enable-lto --enable-plugin --enable-shared --enable-threads=posix --disable-libssp --disable-libstdcxx-pch --disable-multilib --disable-werror --host=aarch64-unknown-linux-gnu --build=aarch64-unknown-linux-gnu --with-arch=armv8-a --enable-fix-cortex-a53-835769 --enable-fix-cortex-a53-843419
Thread model: posix
Supported LTO compression algorithms: zlib zstd
gcc version 12.1.0 (GCC) 
COMPILER_PATH=/usr/lib/gcc/aarch64-unknown-linux-gnu/12.1.0/:/usr/lib/gcc/aarch64-unknown-linux-gnu/12.1.0/:/usr/lib/gcc/aarch64-unknown-linux-gnu/:/usr/lib/gcc/aarch64-unknown-linux-gnu/12.1.0/:/usr/lib/gcc/aarch64-unknown-linux-gnu/
LIBRARY_PATH=/usr/lib/gcc/aarch64-unknown-linux-gnu/12.1.0/:/usr/lib/gcc/aarch64-unknown-linux-gnu/12.1.0/../../../../lib/:/lib/../lib/:/usr/lib/../lib/:/usr/lib/gcc/aarch64-unknown-linux-gnu/12.1.0/../../../:/lib/:/usr/lib/
COLLECT_GCC_OPTIONS='-march=armv8-a' '-O2' '-pipe' '-fstack-protector-strong' '-fno-plt' '-fexceptions' '-Wformat=1' '-fstack-clash-protection' '-v' '-o' 'cmTC_8b47c' '-shared-libgcc' '-mlittle-endian' '-mabi=lp64' '-dumpdir' 'cmTC_8b47c.'
 /usr/lib/gcc/aarch64-unknown-linux-gnu/12.1.0/collect2 -plugin /usr/lib/gcc/aarch64-unknown-linux-gnu/12.1.0/liblto_plugin.so -plugin-opt=/usr/lib/gcc/aarch64-unknown-linux-gnu/12.1.0/lto-wrapper -plugin-opt=-fresolution=/tmp/ccEWPxvv.res -plugin-opt=-pass-through=-lgcc_s -plugin-opt=-pass-through=-lgcc -plugin-opt=-pass-through=-lc -plugin-opt=-pass-through=-lgcc_s -plugin-opt=-pass-through=-lgcc --build-id --eh-frame-hdr --hash-style=gnu -dynamic-linker /lib/ld-linux-aarch64.so.1 -X -EL -maarch64linux --fix-cortex-a53-835769 --fix-cortex-a53-843419 -pie -o cmTC_8b47c /usr/lib/gcc/aarch64-unknown-linux-gnu/12.1.0/../../../../lib/Scrt1.o /usr/lib/gcc/aarch64-unknown-linux-gnu/12.1.0/../../../../lib/crti.o /usr/lib/gcc/aarch64-unknown-linux-gnu/12.1.0/crtbeginS.o -L/usr/lib/gcc/aarch64-unknown-linux-gnu/12.1.0 -L/usr/lib/gcc/aarch64-unknown-linux-gnu/12.1.0/../../../../lib -L/lib/../lib -L/usr/lib/../lib -L/usr/lib/gcc/aarch64-unknown-linux-gnu/12.1.0/../../.. -O1 --sort-common --as-needed -z relro -z now CMakeFiles/cmTC_8b47c.dir/CMakeCXXCompilerABI.cpp.o -lstdc++ -lm -lgcc_s -lgcc -lc -lgcc_s -lgcc /usr/lib/gcc/aarch64-unknown-linux-gnu/12.1.0/crtendS.o /usr/lib/gcc/aarch64-unknown-linux-gnu/12.1.0/../../../../lib/crtn.o
COLLECT_GCC_OPTIONS='-march=armv8-a' '-O2' '-pipe' '-fstack-protector-strong' '-fno-plt' '-fexceptions' '-Wformat=1' '-fstack-clash-protection' '-v' '-o' 'cmTC_8b47c' '-shared-libgcc' '-mlittle-endian' '-mabi=lp64' '-dumpdir' 'cmTC_8b47c.'
make[1]: Leaving directory '/home/builder/packages/nheko/src/build/CMakeFiles/CMakeTmp'



Parsed CXX implicit include dir info from above output: rv=done
  found start of include info
  found start of implicit include info
    add: [/usr/lib/gcc/aarch64-unknown-linux-gnu/12.1.0/../../../../include/c++/12.1.0]
    add: [/usr/lib/gcc/aarch64-unknown-linux-gnu/12.1.0/../../../../include/c++/12.1.0/aarch64-unknown-linux-gnu]
    add: [/usr/lib/gcc/aarch64-unknown-linux-gnu/12.1.0/../../../../include/c++/12.1.0/backward]
    add: [/usr/lib/gcc/aarch64-unknown-linux-gnu/12.1.0/include]
    add: [/usr/local/include]
    add: [/usr/lib/gcc/aarch64-unknown-linux-gnu/12.1.0/include-fixed]
    add: [/usr/include]
  end of search list found
  collapse include dir [/usr/lib/gcc/aarch64-unknown-linux-gnu/12.1.0/../../../../include/c++/12.1.0] ==> [/usr/include/c++/12.1.0]
  collapse include dir [/usr/lib/gcc/aarch64-unknown-linux-gnu/12.1.0/../../../../include/c++/12.1.0/aarch64-unknown-linux-gnu] ==> [/usr/include/c++/12.1.0/aarch64-unknown-linux-gnu]
  collapse include dir [/usr/lib/gcc/aarch64-unknown-linux-gnu/12.1.0/../../../../include/c++/12.1.0/backward] ==> [/usr/include/c++/12.1.0/backward]
  collapse include dir [/usr/lib/gcc/aarch64-unknown-linux-gnu/12.1.0/include] ==> [/usr/lib/gcc/aarch64-unknown-linux-gnu/12.1.0/include]
  collapse include dir [/usr/local/include] ==> [/usr/local/include]
  collapse include dir [/usr/lib/gcc/aarch64-unknown-linux-gnu/12.1.0/include-fixed] ==> [/usr/lib/gcc/aarch64-unknown-linux-gnu/12.1.0/include-fixed]
  collapse include dir [/usr/include] ==> [/usr/include]
  implicit include dirs: [/usr/include/c++/12.1.0;/usr/include/c++/12.1.0/aarch64-unknown-linux-gnu;/usr/include/c++/12.1.0/backward;/usr/lib/gcc/aarch64-unknown-linux-gnu/12.1.0/include;/usr/local/include;/usr/lib/gcc/aarch64-unknown-linux-gnu/12.1.0/include-fixed;/usr/include]


Parsed CXX implicit link information from above output:
  link line regex: [^( *|.*[/\])(ld|CMAKE_LINK_STARTFILE-NOTFOUND|([^/\]+-)?ld|collect2)[^/\]*( |$)]
  ignore line: [Change Dir: /home/builder/packages/nheko/src/build/CMakeFiles/CMakeTmp]
  ignore line: []
  ignore line: [Run Build Command(s):/usr/bin/make -f Makefile cmTC_8b47c/fast && /usr/bin/make  -f CMakeFiles/cmTC_8b47c.dir/build.make CMakeFiles/cmTC_8b47c.dir/build]
  ignore line: [make[1]: Entering directory '/home/builder/packages/nheko/src/build/CMakeFiles/CMakeTmp']
  ignore line: [Building CXX object CMakeFiles/cmTC_8b47c.dir/CMakeCXXCompilerABI.cpp.o]
  ignore line: [/usr/bin/c++   -march=armv8-a -O2 -pipe -fstack-protector-strong -fno-plt -fexceptions         -Wp -D_FORTIFY_SOURCE=2 -Wformat         -fstack-clash-protection -Wp -D_GLIBCXX_ASSERTIONS  -fPIE   -v -std=gnu++17 -o CMakeFiles/cmTC_8b47c.dir/CMakeCXXCompilerABI.cpp.o -c /usr/share/cmake/Modules/CMakeCXXCompilerABI.cpp]
  ignore line: [Using built-in specs.]
  ignore line: [COLLECT_GCC=/usr/bin/c++]
  ignore line: [Target: aarch64-unknown-linux-gnu]
  ignore line: [Configured with: /build/gcc/src/gcc/configure --enable-languages=c c++ fortran go lto objc obj-c++ --enable-bootstrap --prefix=/usr --libdir=/usr/lib --libexecdir=/usr/lib --mandir=/usr/share/man --infodir=/usr/share/info --with-bugurl=https://github.com/archlinuxarm/PKGBUILDs/issues --with-linker-hash-style=gnu --with-system-zlib --enable-__cxa_atexit --enable-checking=release --enable-clocale=gnu --enable-default-pie --enable-default-ssp --enable-gnu-indirect-function --enable-gnu-unique-object --enable-linker-build-id --enable-lto --enable-plugin --enable-shared --enable-threads=posix --disable-libssp --disable-libstdcxx-pch --disable-multilib --disable-werror --host=aarch64-unknown-linux-gnu --build=aarch64-unknown-linux-gnu --with-arch=armv8-a --enable-fix-cortex-a53-835769 --enable-fix-cortex-a53-843419]
  ignore line: [Thread model: posix]
  ignore line: [Supported LTO compression algorithms: zlib zstd]
  ignore line: [gcc version 12.1.0 (GCC) ]
  ignore line: [COLLECT_GCC_OPTIONS='-march=armv8-a' '-O2' '-pipe' '-fstack-protector-strong' '-fno-plt' '-fexceptions' '-Wformat=1' '-fstack-clash-protection' '-fPIE' '-v' '-std=gnu++17' '-o' 'CMakeFiles/cmTC_8b47c.dir/CMakeCXXCompilerABI.cpp.o' '-c' '-shared-libgcc' '-mlittle-endian' '-mabi=lp64' '-dumpdir' 'CMakeFiles/cmTC_8b47c.dir/']
  ignore line: [ /usr/lib/gcc/aarch64-unknown-linux-gnu/12.1.0/cc1plus -quiet -v -D_GNU_SOURCE -D_FORTIFY_SOURCE=2 -D_GLIBCXX_ASSERTIONS /usr/share/cmake/Modules/CMakeCXXCompilerABI.cpp -quiet -dumpdir CMakeFiles/cmTC_8b47c.dir/ -dumpbase CMakeCXXCompilerABI.cpp.cpp -dumpbase-ext .cpp -march=armv8-a -mlittle-endian -mabi=lp64 -O2 -Wformat=1 -std=gnu++17 -version -fstack-protector-strong -fno-plt -fexceptions -fstack-clash-protection -fPIE -o - |]
  ignore line: [ as -v -EL -march=armv8-a -mabi=lp64 -o CMakeFiles/cmTC_8b47c.dir/CMakeCXXCompilerABI.cpp.o]
  ignore line: [GNU assembler version 2.38 (aarch64-unknown-linux-gnu) using BFD version (GNU Binutils) 2.38]
  ignore line: [GNU C++17 (GCC) version 12.1.0 (aarch64-unknown-linux-gnu)]
  ignore line: [	compiled by GNU C version 12.1.0  GMP version 6.2.1  MPFR version 4.1.0-p13  MPC version 1.2.1  isl version isl-0.25-GMP]
  ignore line: []
  ignore line: [GGC heuristics: --param ggc-min-expand=100 --param ggc-min-heapsize=131072]
  ignore line: [ignoring nonexistent directory "/usr/lib/gcc/aarch64-unknown-linux-gnu/12.1.0/../../../../aarch64-unknown-linux-gnu/include"]
  ignore line: [#include "..." search starts here:]
  ignore line: [#include <...> search starts here:]
  ignore line: [ /usr/lib/gcc/aarch64-unknown-linux-gnu/12.1.0/../../../../include/c++/12.1.0]
  ignore line: [ /usr/lib/gcc/aarch64-unknown-linux-gnu/12.1.0/../../../../include/c++/12.1.0/aarch64-unknown-linux-gnu]
  ignore line: [ /usr/lib/gcc/aarch64-unknown-linux-gnu/12.1.0/../../../../include/c++/12.1.0/backward]
  ignore line: [ /usr/lib/gcc/aarch64-unknown-linux-gnu/12.1.0/include]
  ignore line: [ /usr/local/include]
  ignore line: [ /usr/lib/gcc/aarch64-unknown-linux-gnu/12.1.0/include-fixed]
  ignore line: [ /usr/include]
  ignore line: [End of search list.]
  ignore line: [GNU C++17 (GCC) version 12.1.0 (aarch64-unknown-linux-gnu)]
  ignore line: [	compiled by GNU C version 12.1.0  GMP version 6.2.1  MPFR version 4.1.0-p13  MPC version 1.2.1  isl version isl-0.25-GMP]
  ignore line: []
  ignore line: [GGC heuristics: --param ggc-min-expand=100 --param ggc-min-heapsize=131072]
  ignore line: [Compiler executable checksum: 8276d83b1cdec1f6cfbf45d3f1969573]
  ignore line: [COMPILER_PATH=/usr/lib/gcc/aarch64-unknown-linux-gnu/12.1.0/:/usr/lib/gcc/aarch64-unknown-linux-gnu/12.1.0/:/usr/lib/gcc/aarch64-unknown-linux-gnu/:/usr/lib/gcc/aarch64-unknown-linux-gnu/12.1.0/:/usr/lib/gcc/aarch64-unknown-linux-gnu/]
  ignore line: [LIBRARY_PATH=/usr/lib/gcc/aarch64-unknown-linux-gnu/12.1.0/:/usr/lib/gcc/aarch64-unknown-linux-gnu/12.1.0/../../../../lib/:/lib/../lib/:/usr/lib/../lib/:/usr/lib/gcc/aarch64-unknown-linux-gnu/12.1.0/../../../:/lib/:/usr/lib/]
  ignore line: [COLLECT_GCC_OPTIONS='-march=armv8-a' '-O2' '-pipe' '-fstack-protector-strong' '-fno-plt' '-fexceptions' '-Wformat=1' '-fstack-clash-protection' '-fPIE' '-v' '-std=gnu++17' '-o' 'CMakeFiles/cmTC_8b47c.dir/CMakeCXXCompilerABI.cpp.o' '-c' '-shared-libgcc' '-mlittle-endian' '-mabi=lp64' '-dumpdir' 'CMakeFiles/cmTC_8b47c.dir/CMakeCXXCompilerABI.cpp.']
  ignore line: [Linking CXX executable cmTC_8b47c]
  ignore line: [/usr/bin/cmake -E cmake_link_script CMakeFiles/cmTC_8b47c.dir/link.txt --verbose=1]
  ignore line: [/usr/bin/c++ -march=armv8-a -O2 -pipe -fstack-protector-strong -fno-plt -fexceptions         -Wp -D_FORTIFY_SOURCE=2 -Wformat         -fstack-clash-protection -Wp -D_GLIBCXX_ASSERTIONS  -Wl -O1 --sort-common --as-needed -z relro -z now -v CMakeFiles/cmTC_8b47c.dir/CMakeCXXCompilerABI.cpp.o -o cmTC_8b47c ]
  ignore line: [Using built-in specs.]
  ignore line: [COLLECT_GCC=/usr/bin/c++]
  ignore line: [COLLECT_LTO_WRAPPER=/usr/lib/gcc/aarch64-unknown-linux-gnu/12.1.0/lto-wrapper]
  ignore line: [Target: aarch64-unknown-linux-gnu]
  ignore line: [Configured with: /build/gcc/src/gcc/configure --enable-languages=c c++ fortran go lto objc obj-c++ --enable-bootstrap --prefix=/usr --libdir=/usr/lib --libexecdir=/usr/lib --mandir=/usr/share/man --infodir=/usr/share/info --with-bugurl=https://github.com/archlinuxarm/PKGBUILDs/issues --with-linker-hash-style=gnu --with-system-zlib --enable-__cxa_atexit --enable-checking=release --enable-clocale=gnu --enable-default-pie --enable-default-ssp --enable-gnu-indirect-function --enable-gnu-unique-object --enable-linker-build-id --enable-lto --enable-plugin --enable-shared --enable-threads=posix --disable-libssp --disable-libstdcxx-pch --disable-multilib --disable-werror --host=aarch64-unknown-linux-gnu --build=aarch64-unknown-linux-gnu --with-arch=armv8-a --enable-fix-cortex-a53-835769 --enable-fix-cortex-a53-843419]
  ignore line: [Thread model: posix]
  ignore line: [Supported LTO compression algorithms: zlib zstd]
  ignore line: [gcc version 12.1.0 (GCC) ]
  ignore line: [COMPILER_PATH=/usr/lib/gcc/aarch64-unknown-linux-gnu/12.1.0/:/usr/lib/gcc/aarch64-unknown-linux-gnu/12.1.0/:/usr/lib/gcc/aarch64-unknown-linux-gnu/:/usr/lib/gcc/aarch64-unknown-linux-gnu/12.1.0/:/usr/lib/gcc/aarch64-unknown-linux-gnu/]
  ignore line: [LIBRARY_PATH=/usr/lib/gcc/aarch64-unknown-linux-gnu/12.1.0/:/usr/lib/gcc/aarch64-unknown-linux-gnu/12.1.0/../../../../lib/:/lib/../lib/:/usr/lib/../lib/:/usr/lib/gcc/aarch64-unknown-linux-gnu/12.1.0/../../../:/lib/:/usr/lib/]
  ignore line: [COLLECT_GCC_OPTIONS='-march=armv8-a' '-O2' '-pipe' '-fstack-protector-strong' '-fno-plt' '-fexceptions' '-Wformat=1' '-fstack-clash-protection' '-v' '-o' 'cmTC_8b47c' '-shared-libgcc' '-mlittle-endian' '-mabi=lp64' '-dumpdir' 'cmTC_8b47c.']
  link line: [ /usr/lib/gcc/aarch64-unknown-linux-gnu/12.1.0/collect2 -plugin /usr/lib/gcc/aarch64-unknown-linux-gnu/12.1.0/liblto_plugin.so -plugin-opt=/usr/lib/gcc/aarch64-unknown-linux-gnu/12.1.0/lto-wrapper -plugin-opt=-fresolution=/tmp/ccEWPxvv.res -plugin-opt=-pass-through=-lgcc_s -plugin-opt=-pass-through=-lgcc -plugin-opt=-pass-through=-lc -plugin-opt=-pass-through=-lgcc_s -plugin-opt=-pass-through=-lgcc --build-id --eh-frame-hdr --hash-style=gnu -dynamic-linker /lib/ld-linux-aarch64.so.1 -X -EL -maarch64linux --fix-cortex-a53-835769 --fix-cortex-a53-843419 -pie -o cmTC_8b47c /usr/lib/gcc/aarch64-unknown-linux-gnu/12.1.0/../../../../lib/Scrt1.o /usr/lib/gcc/aarch64-unknown-linux-gnu/12.1.0/../../../../lib/crti.o /usr/lib/gcc/aarch64-unknown-linux-gnu/12.1.0/crtbeginS.o -L/usr/lib/gcc/aarch64-unknown-linux-gnu/12.1.0 -L/usr/lib/gcc/aarch64-unknown-linux-gnu/12.1.0/../../../../lib -L/lib/../lib -L/usr/lib/../lib -L/usr/lib/gcc/aarch64-unknown-linux-gnu/12.1.0/../../.. -O1 --sort-common --as-needed -z relro -z now CMakeFiles/cmTC_8b47c.dir/CMakeCXXCompilerABI.cpp.o -lstdc++ -lm -lgcc_s -lgcc -lc -lgcc_s -lgcc /usr/lib/gcc/aarch64-unknown-linux-gnu/12.1.0/crtendS.o /usr/lib/gcc/aarch64-unknown-linux-gnu/12.1.0/../../../../lib/crtn.o]
    arg [/usr/lib/gcc/aarch64-unknown-linux-gnu/12.1.0/collect2] ==> ignore
    arg [-plugin] ==> ignore
    arg [/usr/lib/gcc/aarch64-unknown-linux-gnu/12.1.0/liblto_plugin.so] ==> ignore
    arg [-plugin-opt=/usr/lib/gcc/aarch64-unknown-linux-gnu/12.1.0/lto-wrapper] ==> ignore
    arg [-plugin-opt=-fresolution=/tmp/ccEWPxvv.res] ==> ignore
    arg [-plugin-opt=-pass-through=-lgcc_s] ==> ignore
    arg [-plugin-opt=-pass-through=-lgcc] ==> ignore
    arg [-plugin-opt=-pass-through=-lc] ==> ignore
    arg [-plugin-opt=-pass-through=-lgcc_s] ==> ignore
    arg [-plugin-opt=-pass-through=-lgcc] ==> ignore
    arg [--build-id] ==> ignore
    arg [--eh-frame-hdr] ==> ignore
    arg [--hash-style=gnu] ==> ignore
    arg [-dynamic-linker] ==> ignore
    arg [/lib/ld-linux-aarch64.so.1] ==> ignore
    arg [-X] ==> ignore
    arg [-EL] ==> ignore
    arg [-maarch64linux] ==> ignore
    arg [--fix-cortex-a53-835769] ==> ignore
    arg [--fix-cortex-a53-843419] ==> ignore
    arg [-pie] ==> ignore
    arg [-o] ==> ignore
    arg [cmTC_8b47c] ==> ignore
    arg [/usr/lib/gcc/aarch64-unknown-linux-gnu/12.1.0/../../../../lib/Scrt1.o] ==> obj [/usr/lib/gcc/aarch64-unknown-linux-gnu/12.1.0/../../../../lib/Scrt1.o]
    arg [/usr/lib/gcc/aarch64-unknown-linux-gnu/12.1.0/../../../../lib/crti.o] ==> obj [/usr/lib/gcc/aarch64-unknown-linux-gnu/12.1.0/../../../../lib/crti.o]
    arg [/usr/lib/gcc/aarch64-unknown-linux-gnu/12.1.0/crtbeginS.o] ==> obj [/usr/lib/gcc/aarch64-unknown-linux-gnu/12.1.0/crtbeginS.o]
    arg [-L/usr/lib/gcc/aarch64-unknown-linux-gnu/12.1.0] ==> dir [/usr/lib/gcc/aarch64-unknown-linux-gnu/12.1.0]
    arg [-L/usr/lib/gcc/aarch64-unknown-linux-gnu/12.1.0/../../../../lib] ==> dir [/usr/lib/gcc/aarch64-unknown-linux-gnu/12.1.0/../../../../lib]
    arg [-L/lib/../lib] ==> dir [/lib/../lib]
    arg [-L/usr/lib/../lib] ==> dir [/usr/lib/../lib]
    arg [-L/usr/lib/gcc/aarch64-unknown-linux-gnu/12.1.0/../../..] ==> dir [/usr/lib/gcc/aarch64-unknown-linux-gnu/12.1.0/../../..]
    arg [-O1] ==> ignore
    arg [--sort-common] ==> ignore
    arg [--as-needed] ==> ignore
    arg [-zrelro] ==> ignore
    arg [-znow] ==> ignore
    arg [CMakeFiles/cmTC_8b47c.dir/CMakeCXXCompilerABI.cpp.o] ==> ignore
    arg [-lstdc++] ==> lib [stdc++]
    arg [-lm] ==> lib [m]
    arg [-lgcc_s] ==> lib [gcc_s]
    arg [-lgcc] ==> lib [gcc]
    arg [-lc] ==> lib [c]
    arg [-lgcc_s] ==> lib [gcc_s]
    arg [-lgcc] ==> lib [gcc]
    arg [/usr/lib/gcc/aarch64-unknown-linux-gnu/12.1.0/crtendS.o] ==> obj [/usr/lib/gcc/aarch64-unknown-linux-gnu/12.1.0/crtendS.o]
    arg [/usr/lib/gcc/aarch64-unknown-linux-gnu/12.1.0/../../../../lib/crtn.o] ==> obj [/usr/lib/gcc/aarch64-unknown-linux-gnu/12.1.0/../../../../lib/crtn.o]
  collapse obj [/usr/lib/gcc/aarch64-unknown-linux-gnu/12.1.0/../../../../lib/Scrt1.o] ==> [/usr/lib/Scrt1.o]
  collapse obj [/usr/lib/gcc/aarch64-unknown-linux-gnu/12.1.0/../../../../lib/crti.o] ==> [/usr/lib/crti.o]
  collapse obj [/usr/lib/gcc/aarch64-unknown-linux-gnu/12.1.0/../../../../lib/crtn.o] ==> [/usr/lib/crtn.o]
  collapse library dir [/usr/lib/gcc/aarch64-unknown-linux-gnu/12.1.0] ==> [/usr/lib/gcc/aarch64-unknown-linux-gnu/12.1.0]
  collapse library dir [/usr/lib/gcc/aarch64-unknown-linux-gnu/12.1.0/../../../../lib] ==> [/usr/lib]
  collapse library dir [/lib/../lib] ==> [/lib]
  collapse library dir [/usr/lib/../lib] ==> [/usr/lib]
  collapse library dir [/usr/lib/gcc/aarch64-unknown-linux-gnu/12.1.0/../../..] ==> [/usr/lib]
  implicit libs: [stdc++;m;gcc_s;gcc;c;gcc_s;gcc]
  implicit objs: [/usr/lib/Scrt1.o;/usr/lib/crti.o;/usr/lib/gcc/aarch64-unknown-linux-gnu/12.1.0/crtbeginS.o;/usr/lib/gcc/aarch64-unknown-linux-gnu/12.1.0/crtendS.o;/usr/lib/crtn.o]
  implicit dirs: [/usr/lib/gcc/aarch64-unknown-linux-gnu/12.1.0;/usr/lib;/lib]
  implicit fwks: []


Detecting C compiler ABI info compiled with the following output:
Change Dir: /home/builder/packages/nheko/src/build/CMakeFiles/CMakeTmp

Run Build Command(s):/usr/bin/make -f Makefile cmTC_f9c9a/fast && /usr/bin/make  -f CMakeFiles/cmTC_f9c9a.dir/build.make CMakeFiles/cmTC_f9c9a.dir/build
make[1]: Entering directory '/home/builder/packages/nheko/src/build/CMakeFiles/CMakeTmp'
Building C object CMakeFiles/cmTC_f9c9a.dir/CMakeCCompilerABI.c.o
/usr/bin/cc   -march=armv8-a -O2 -pipe -fstack-protector-strong -fno-plt -fexceptions         -Wp,-D_FORTIFY_SOURCE=2 -Wformat         -fstack-clash-protection  -fPIE   -v -o CMakeFiles/cmTC_f9c9a.dir/CMakeCCompilerABI.c.o -c /usr/share/cmake/Modules/CMakeCCompilerABI.c
Using built-in specs.
COLLECT_GCC=/usr/bin/cc
Target: aarch64-unknown-linux-gnu
Configured with: /build/gcc/src/gcc/configure --enable-languages=c,c++,fortran,go,lto,objc,obj-c++ --enable-bootstrap --prefix=/usr --libdir=/usr/lib --libexecdir=/usr/lib --mandir=/usr/share/man --infodir=/usr/share/info --with-bugurl=https://github.com/archlinuxarm/PKGBUILDs/issues --with-linker-hash-style=gnu --with-system-zlib --enable-__cxa_atexit --enable-checking=release --enable-clocale=gnu --enable-default-pie --enable-default-ssp --enable-gnu-indirect-function --enable-gnu-unique-object --enable-linker-build-id --enable-lto --enable-plugin --enable-shared --enable-threads=posix --disable-libssp --disable-libstdcxx-pch --disable-multilib --disable-werror --host=aarch64-unknown-linux-gnu --build=aarch64-unknown-linux-gnu --with-arch=armv8-a --enable-fix-cortex-a53-835769 --enable-fix-cortex-a53-843419
Thread model: posix
Supported LTO compression algorithms: zlib zstd
gcc version 12.1.0 (GCC) 
COLLECT_GCC_OPTIONS='-march=armv8-a' '-O2' '-pipe' '-fstack-protector-strong' '-fno-plt' '-fexceptions' '-Wformat=1' '-fstack-clash-protection' '-fPIE' '-v' '-o' 'CMakeFiles/cmTC_f9c9a.dir/CMakeCCompilerABI.c.o' '-c' '-mlittle-endian' '-mabi=lp64' '-dumpdir' 'CMakeFiles/cmTC_f9c9a.dir/'
 /usr/lib/gcc/aarch64-unknown-linux-gnu/12.1.0/cc1 -quiet -v -D_FORTIFY_SOURCE=2 /usr/share/cmake/Modules/CMakeCCompilerABI.c -quiet -dumpdir CMakeFiles/cmTC_f9c9a.dir/ -dumpbase CMakeCCompilerABI.c.c -dumpbase-ext .c -march=armv8-a -mlittle-endian -mabi=lp64 -O2 -Wformat=1 -version -fstack-protector-strong -fno-plt -fexceptions -fstack-clash-protection -fPIE -o - |
 as -v -EL -march=armv8-a -mabi=lp64 -o CMakeFiles/cmTC_f9c9a.dir/CMakeCCompilerABI.c.o
GNU assembler version 2.38 (aarch64-unknown-linux-gnu) using BFD version (GNU Binutils) 2.38
GNU C17 (GCC) version 12.1.0 (aarch64-unknown-linux-gnu)
	compiled by GNU C version 12.1.0, GMP version 6.2.1, MPFR version 4.1.0-p13, MPC version 1.2.1, isl version isl-0.25-GMP

GGC heuristics: --param ggc-min-expand=100 --param ggc-min-heapsize=131072
ignoring nonexistent directory "/usr/lib/gcc/aarch64-unknown-linux-gnu/12.1.0/../../../../aarch64-unknown-linux-gnu/include"
#include "..." search starts here:
#include <...> search starts here:
 /usr/lib/gcc/aarch64-unknown-linux-gnu/12.1.0/include
 /usr/local/include
 /usr/lib/gcc/aarch64-unknown-linux-gnu/12.1.0/include-fixed
 /usr/include
End of search list.
GNU C17 (GCC) version 12.1.0 (aarch64-unknown-linux-gnu)
	compiled by GNU C version 12.1.0, GMP version 6.2.1, MPFR version 4.1.0-p13, MPC version 1.2.1, isl version isl-0.25-GMP

GGC heuristics: --param ggc-min-expand=100 --param ggc-min-heapsize=131072
Compiler executable checksum: 4e11c27f8495997752a69647fff67d09
COMPILER_PATH=/usr/lib/gcc/aarch64-unknown-linux-gnu/12.1.0/:/usr/lib/gcc/aarch64-unknown-linux-gnu/12.1.0/:/usr/lib/gcc/aarch64-unknown-linux-gnu/:/usr/lib/gcc/aarch64-unknown-linux-gnu/12.1.0/:/usr/lib/gcc/aarch64-unknown-linux-gnu/
LIBRARY_PATH=/usr/lib/gcc/aarch64-unknown-linux-gnu/12.1.0/:/usr/lib/gcc/aarch64-unknown-linux-gnu/12.1.0/../../../../lib/:/lib/../lib/:/usr/lib/../lib/:/usr/lib/gcc/aarch64-unknown-linux-gnu/12.1.0/../../../:/lib/:/usr/lib/
COLLECT_GCC_OPTIONS='-march=armv8-a' '-O2' '-pipe' '-fstack-protector-strong' '-fno-plt' '-fexceptions' '-Wformat=1' '-fstack-clash-protection' '-fPIE' '-v' '-o' 'CMakeFiles/cmTC_f9c9a.dir/CMakeCCompilerABI.c.o' '-c' '-mlittle-endian' '-mabi=lp64' '-dumpdir' 'CMakeFiles/cmTC_f9c9a.dir/CMakeCCompilerABI.c.'
Linking C executable cmTC_f9c9a
/usr/bin/cmake -E cmake_link_script CMakeFiles/cmTC_f9c9a.dir/link.txt --verbose=1
/usr/bin/cc -march=armv8-a -O2 -pipe -fstack-protector-strong -fno-plt -fexceptions         -Wp,-D_FORTIFY_SOURCE=2 -Wformat         -fstack-clash-protection  -Wl,-O1,--sort-common,--as-needed,-z,relro,-z,now -v CMakeFiles/cmTC_f9c9a.dir/CMakeCCompilerABI.c.o -o cmTC_f9c9a 
Using built-in specs.
COLLECT_GCC=/usr/bin/cc
COLLECT_LTO_WRAPPER=/usr/lib/gcc/aarch64-unknown-linux-gnu/12.1.0/lto-wrapper
Target: aarch64-unknown-linux-gnu
Configured with: /build/gcc/src/gcc/configure --enable-languages=c,c++,fortran,go,lto,objc,obj-c++ --enable-bootstrap --prefix=/usr --libdir=/usr/lib --libexecdir=/usr/lib --mandir=/usr/share/man --infodir=/usr/share/info --with-bugurl=https://github.com/archlinuxarm/PKGBUILDs/issues --with-linker-hash-style=gnu --with-system-zlib --enable-__cxa_atexit --enable-checking=release --enable-clocale=gnu --enable-default-pie --enable-default-ssp --enable-gnu-indirect-function --enable-gnu-unique-object --enable-linker-build-id --enable-lto --enable-plugin --enable-shared --enable-threads=posix --disable-libssp --disable-libstdcxx-pch --disable-multilib --disable-werror --host=aarch64-unknown-linux-gnu --build=aarch64-unknown-linux-gnu --with-arch=armv8-a --enable-fix-cortex-a53-835769 --enable-fix-cortex-a53-843419
Thread model: posix
Supported LTO compression algorithms: zlib zstd
gcc version 12.1.0 (GCC) 
COMPILER_PATH=/usr/lib/gcc/aarch64-unknown-linux-gnu/12.1.0/:/usr/lib/gcc/aarch64-unknown-linux-gnu/12.1.0/:/usr/lib/gcc/aarch64-unknown-linux-gnu/:/usr/lib/gcc/aarch64-unknown-linux-gnu/12.1.0/:/usr/lib/gcc/aarch64-unknown-linux-gnu/
LIBRARY_PATH=/usr/lib/gcc/aarch64-unknown-linux-gnu/12.1.0/:/usr/lib/gcc/aarch64-unknown-linux-gnu/12.1.0/../../../../lib/:/lib/../lib/:/usr/lib/../lib/:/usr/lib/gcc/aarch64-unknown-linux-gnu/12.1.0/../../../:/lib/:/usr/lib/
COLLECT_GCC_OPTIONS='-march=armv8-a' '-O2' '-pipe' '-fstack-protector-strong' '-fno-plt' '-fexceptions' '-Wformat=1' '-fstack-clash-protection' '-v' '-o' 'cmTC_f9c9a' '-mlittle-endian' '-mabi=lp64' '-dumpdir' 'cmTC_f9c9a.'
 /usr/lib/gcc/aarch64-unknown-linux-gnu/12.1.0/collect2 -plugin /usr/lib/gcc/aarch64-unknown-linux-gnu/12.1.0/liblto_plugin.so -plugin-opt=/usr/lib/gcc/aarch64-unknown-linux-gnu/12.1.0/lto-wrapper -plugin-opt=-fresolution=/tmp/ccMGCuYg.res -plugin-opt=-pass-through=-lgcc -plugin-opt=-pass-through=-lgcc_s -plugin-opt=-pass-through=-lc -plugin-opt=-pass-through=-lgcc -plugin-opt=-pass-through=-lgcc_s --build-id --eh-frame-hdr --hash-style=gnu -dynamic-linker /lib/ld-linux-aarch64.so.1 -X -EL -maarch64linux --fix-cortex-a53-835769 --fix-cortex-a53-843419 -pie -o cmTC_f9c9a /usr/lib/gcc/aarch64-unknown-linux-gnu/12.1.0/../../../../lib/Scrt1.o /usr/lib/gcc/aarch64-unknown-linux-gnu/12.1.0/../../../../lib/crti.o /usr/lib/gcc/aarch64-unknown-linux-gnu/12.1.0/crtbeginS.o -L/usr/lib/gcc/aarch64-unknown-linux-gnu/12.1.0 -L/usr/lib/gcc/aarch64-unknown-linux-gnu/12.1.0/../../../../lib -L/lib/../lib -L/usr/lib/../lib -L/usr/lib/gcc/aarch64-unknown-linux-gnu/12.1.0/../../.. -O1 --sort-common --as-needed -z relro -z now CMakeFiles/cmTC_f9c9a.dir/CMakeCCompilerABI.c.o -lgcc --push-state --as-needed -lgcc_s --pop-state -lc -lgcc --push-state --as-needed -lgcc_s --pop-state /usr/lib/gcc/aarch64-unknown-linux-gnu/12.1.0/crtendS.o /usr/lib/gcc/aarch64-unknown-linux-gnu/12.1.0/../../../../lib/crtn.o
COLLECT_GCC_OPTIONS='-march=armv8-a' '-O2' '-pipe' '-fstack-protector-strong' '-fno-plt' '-fexceptions' '-Wformat=1' '-fstack-clash-protection' '-v' '-o' 'cmTC_f9c9a' '-mlittle-endian' '-mabi=lp64' '-dumpdir' 'cmTC_f9c9a.'
make[1]: Leaving directory '/home/builder/packages/nheko/src/build/CMakeFiles/CMakeTmp'



Parsed C implicit include dir info from above output: rv=done
  found start of include info
  found start of implicit include info
    add: [/usr/lib/gcc/aarch64-unknown-linux-gnu/12.1.0/include]
    add: [/usr/local/include]
    add: [/usr/lib/gcc/aarch64-unknown-linux-gnu/12.1.0/include-fixed]
    add: [/usr/include]
  end of search list found
  collapse include dir [/usr/lib/gcc/aarch64-unknown-linux-gnu/12.1.0/include] ==> [/usr/lib/gcc/aarch64-unknown-linux-gnu/12.1.0/include]
  collapse include dir [/usr/local/include] ==> [/usr/local/include]
  collapse include dir [/usr/lib/gcc/aarch64-unknown-linux-gnu/12.1.0/include-fixed] ==> [/usr/lib/gcc/aarch64-unknown-linux-gnu/12.1.0/include-fixed]
  collapse include dir [/usr/include] ==> [/usr/include]
  implicit include dirs: [/usr/lib/gcc/aarch64-unknown-linux-gnu/12.1.0/include;/usr/local/include;/usr/lib/gcc/aarch64-unknown-linux-gnu/12.1.0/include-fixed;/usr/include]


Parsed C implicit link information from above output:
  link line regex: [^( *|.*[/\])(ld|CMAKE_LINK_STARTFILE-NOTFOUND|([^/\]+-)?ld|collect2)[^/\]*( |$)]
  ignore line: [Change Dir: /home/builder/packages/nheko/src/build/CMakeFiles/CMakeTmp]
  ignore line: []
  ignore line: [Run Build Command(s):/usr/bin/make -f Makefile cmTC_f9c9a/fast && /usr/bin/make  -f CMakeFiles/cmTC_f9c9a.dir/build.make CMakeFiles/cmTC_f9c9a.dir/build]
  ignore line: [make[1]: Entering directory '/home/builder/packages/nheko/src/build/CMakeFiles/CMakeTmp']
  ignore line: [Building C object CMakeFiles/cmTC_f9c9a.dir/CMakeCCompilerABI.c.o]
  ignore line: [/usr/bin/cc   -march=armv8-a -O2 -pipe -fstack-protector-strong -fno-plt -fexceptions         -Wp -D_FORTIFY_SOURCE=2 -Wformat         -fstack-clash-protection  -fPIE   -v -o CMakeFiles/cmTC_f9c9a.dir/CMakeCCompilerABI.c.o -c /usr/share/cmake/Modules/CMakeCCompilerABI.c]
  ignore line: [Using built-in specs.]
  ignore line: [COLLECT_GCC=/usr/bin/cc]
  ignore line: [Target: aarch64-unknown-linux-gnu]
  ignore line: [Configured with: /build/gcc/src/gcc/configure --enable-languages=c c++ fortran go lto objc obj-c++ --enable-bootstrap --prefix=/usr --libdir=/usr/lib --libexecdir=/usr/lib --mandir=/usr/share/man --infodir=/usr/share/info --with-bugurl=https://github.com/archlinuxarm/PKGBUILDs/issues --with-linker-hash-style=gnu --with-system-zlib --enable-__cxa_atexit --enable-checking=release --enable-clocale=gnu --enable-default-pie --enable-default-ssp --enable-gnu-indirect-function --enable-gnu-unique-object --enable-linker-build-id --enable-lto --enable-plugin --enable-shared --enable-threads=posix --disable-libssp --disable-libstdcxx-pch --disable-multilib --disable-werror --host=aarch64-unknown-linux-gnu --build=aarch64-unknown-linux-gnu --with-arch=armv8-a --enable-fix-cortex-a53-835769 --enable-fix-cortex-a53-843419]
  ignore line: [Thread model: posix]
  ignore line: [Supported LTO compression algorithms: zlib zstd]
  ignore line: [gcc version 12.1.0 (GCC) ]
  ignore line: [COLLECT_GCC_OPTIONS='-march=armv8-a' '-O2' '-pipe' '-fstack-protector-strong' '-fno-plt' '-fexceptions' '-Wformat=1' '-fstack-clash-protection' '-fPIE' '-v' '-o' 'CMakeFiles/cmTC_f9c9a.dir/CMakeCCompilerABI.c.o' '-c' '-mlittle-endian' '-mabi=lp64' '-dumpdir' 'CMakeFiles/cmTC_f9c9a.dir/']
  ignore line: [ /usr/lib/gcc/aarch64-unknown-linux-gnu/12.1.0/cc1 -quiet -v -D_FORTIFY_SOURCE=2 /usr/share/cmake/Modules/CMakeCCompilerABI.c -quiet -dumpdir CMakeFiles/cmTC_f9c9a.dir/ -dumpbase CMakeCCompilerABI.c.c -dumpbase-ext .c -march=armv8-a -mlittle-endian -mabi=lp64 -O2 -Wformat=1 -version -fstack-protector-strong -fno-plt -fexceptions -fstack-clash-protection -fPIE -o - |]
  ignore line: [ as -v -EL -march=armv8-a -mabi=lp64 -o CMakeFiles/cmTC_f9c9a.dir/CMakeCCompilerABI.c.o]
  ignore line: [GNU assembler version 2.38 (aarch64-unknown-linux-gnu) using BFD version (GNU Binutils) 2.38]
  ignore line: [GNU C17 (GCC) version 12.1.0 (aarch64-unknown-linux-gnu)]
  ignore line: [	compiled by GNU C version 12.1.0  GMP version 6.2.1  MPFR version 4.1.0-p13  MPC version 1.2.1  isl version isl-0.25-GMP]
  ignore line: []
  ignore line: [GGC heuristics: --param ggc-min-expand=100 --param ggc-min-heapsize=131072]
  ignore line: [ignoring nonexistent directory "/usr/lib/gcc/aarch64-unknown-linux-gnu/12.1.0/../../../../aarch64-unknown-linux-gnu/include"]
  ignore line: [#include "..." search starts here:]
  ignore line: [#include <...> search starts here:]
  ignore line: [ /usr/lib/gcc/aarch64-unknown-linux-gnu/12.1.0/include]
  ignore line: [ /usr/local/include]
  ignore line: [ /usr/lib/gcc/aarch64-unknown-linux-gnu/12.1.0/include-fixed]
  ignore line: [ /usr/include]
  ignore line: [End of search list.]
  ignore line: [GNU C17 (GCC) version 12.1.0 (aarch64-unknown-linux-gnu)]
  ignore line: [	compiled by GNU C version 12.1.0  GMP version 6.2.1  MPFR version 4.1.0-p13  MPC version 1.2.1  isl version isl-0.25-GMP]
  ignore line: []
  ignore line: [GGC heuristics: --param ggc-min-expand=100 --param ggc-min-heapsize=131072]
  ignore line: [Compiler executable checksum: 4e11c27f8495997752a69647fff67d09]
  ignore line: [COMPILER_PATH=/usr/lib/gcc/aarch64-unknown-linux-gnu/12.1.0/:/usr/lib/gcc/aarch64-unknown-linux-gnu/12.1.0/:/usr/lib/gcc/aarch64-unknown-linux-gnu/:/usr/lib/gcc/aarch64-unknown-linux-gnu/12.1.0/:/usr/lib/gcc/aarch64-unknown-linux-gnu/]
  ignore line: [LIBRARY_PATH=/usr/lib/gcc/aarch64-unknown-linux-gnu/12.1.0/:/usr/lib/gcc/aarch64-unknown-linux-gnu/12.1.0/../../../../lib/:/lib/../lib/:/usr/lib/../lib/:/usr/lib/gcc/aarch64-unknown-linux-gnu/12.1.0/../../../:/lib/:/usr/lib/]
  ignore line: [COLLECT_GCC_OPTIONS='-march=armv8-a' '-O2' '-pipe' '-fstack-protector-strong' '-fno-plt' '-fexceptions' '-Wformat=1' '-fstack-clash-protection' '-fPIE' '-v' '-o' 'CMakeFiles/cmTC_f9c9a.dir/CMakeCCompilerABI.c.o' '-c' '-mlittle-endian' '-mabi=lp64' '-dumpdir' 'CMakeFiles/cmTC_f9c9a.dir/CMakeCCompilerABI.c.']
  ignore line: [Linking C executable cmTC_f9c9a]
  ignore line: [/usr/bin/cmake -E cmake_link_script CMakeFiles/cmTC_f9c9a.dir/link.txt --verbose=1]
  ignore line: [/usr/bin/cc -march=armv8-a -O2 -pipe -fstack-protector-strong -fno-plt -fexceptions         -Wp -D_FORTIFY_SOURCE=2 -Wformat         -fstack-clash-protection  -Wl -O1 --sort-common --as-needed -z relro -z now -v CMakeFiles/cmTC_f9c9a.dir/CMakeCCompilerABI.c.o -o cmTC_f9c9a ]
  ignore line: [Using built-in specs.]
  ignore line: [COLLECT_GCC=/usr/bin/cc]
  ignore line: [COLLECT_LTO_WRAPPER=/usr/lib/gcc/aarch64-unknown-linux-gnu/12.1.0/lto-wrapper]
  ignore line: [Target: aarch64-unknown-linux-gnu]
  ignore line: [Configured with: /build/gcc/src/gcc/configure --enable-languages=c c++ fortran go lto objc obj-c++ --enable-bootstrap --prefix=/usr --libdir=/usr/lib --libexecdir=/usr/lib --mandir=/usr/share/man --infodir=/usr/share/info --with-bugurl=https://github.com/archlinuxarm/PKGBUILDs/issues --with-linker-hash-style=gnu --with-system-zlib --enable-__cxa_atexit --enable-checking=release --enable-clocale=gnu --enable-default-pie --enable-default-ssp --enable-gnu-indirect-function --enable-gnu-unique-object --enable-linker-build-id --enable-lto --enable-plugin --enable-shared --enable-threads=posix --disable-libssp --disable-libstdcxx-pch --disable-multilib --disable-werror --host=aarch64-unknown-linux-gnu --build=aarch64-unknown-linux-gnu --with-arch=armv8-a --enable-fix-cortex-a53-835769 --enable-fix-cortex-a53-843419]
  ignore line: [Thread model: posix]
  ignore line: [Supported LTO compression algorithms: zlib zstd]
  ignore line: [gcc version 12.1.0 (GCC) ]
  ignore line: [COMPILER_PATH=/usr/lib/gcc/aarch64-unknown-linux-gnu/12.1.0/:/usr/lib/gcc/aarch64-unknown-linux-gnu/12.1.0/:/usr/lib/gcc/aarch64-unknown-linux-gnu/:/usr/lib/gcc/aarch64-unknown-linux-gnu/12.1.0/:/usr/lib/gcc/aarch64-unknown-linux-gnu/]
  ignore line: [LIBRARY_PATH=/usr/lib/gcc/aarch64-unknown-linux-gnu/12.1.0/:/usr/lib/gcc/aarch64-unknown-linux-gnu/12.1.0/../../../../lib/:/lib/../lib/:/usr/lib/../lib/:/usr/lib/gcc/aarch64-unknown-linux-gnu/12.1.0/../../../:/lib/:/usr/lib/]
  ignore line: [COLLECT_GCC_OPTIONS='-march=armv8-a' '-O2' '-pipe' '-fstack-protector-strong' '-fno-plt' '-fexceptions' '-Wformat=1' '-fstack-clash-protection' '-v' '-o' 'cmTC_f9c9a' '-mlittle-endian' '-mabi=lp64' '-dumpdir' 'cmTC_f9c9a.']
  link line: [ /usr/lib/gcc/aarch64-unknown-linux-gnu/12.1.0/collect2 -plugin /usr/lib/gcc/aarch64-unknown-linux-gnu/12.1.0/liblto_plugin.so -plugin-opt=/usr/lib/gcc/aarch64-unknown-linux-gnu/12.1.0/lto-wrapper -plugin-opt=-fresolution=/tmp/ccMGCuYg.res -plugin-opt=-pass-through=-lgcc -plugin-opt=-pass-through=-lgcc_s -plugin-opt=-pass-through=-lc -plugin-opt=-pass-through=-lgcc -plugin-opt=-pass-through=-lgcc_s --build-id --eh-frame-hdr --hash-style=gnu -dynamic-linker /lib/ld-linux-aarch64.so.1 -X -EL -maarch64linux --fix-cortex-a53-835769 --fix-cortex-a53-843419 -pie -o cmTC_f9c9a /usr/lib/gcc/aarch64-unknown-linux-gnu/12.1.0/../../../../lib/Scrt1.o /usr/lib/gcc/aarch64-unknown-linux-gnu/12.1.0/../../../../lib/crti.o /usr/lib/gcc/aarch64-unknown-linux-gnu/12.1.0/crtbeginS.o -L/usr/lib/gcc/aarch64-unknown-linux-gnu/12.1.0 -L/usr/lib/gcc/aarch64-unknown-linux-gnu/12.1.0/../../../../lib -L/lib/../lib -L/usr/lib/../lib -L/usr/lib/gcc/aarch64-unknown-linux-gnu/12.1.0/../../.. -O1 --sort-common --as-needed -z relro -z now CMakeFiles/cmTC_f9c9a.dir/CMakeCCompilerABI.c.o -lgcc --push-state --as-needed -lgcc_s --pop-state -lc -lgcc --push-state --as-needed -lgcc_s --pop-state /usr/lib/gcc/aarch64-unknown-linux-gnu/12.1.0/crtendS.o /usr/lib/gcc/aarch64-unknown-linux-gnu/12.1.0/../../../../lib/crtn.o]
    arg [/usr/lib/gcc/aarch64-unknown-linux-gnu/12.1.0/collect2] ==> ignore
    arg [-plugin] ==> ignore
    arg [/usr/lib/gcc/aarch64-unknown-linux-gnu/12.1.0/liblto_plugin.so] ==> ignore
    arg [-plugin-opt=/usr/lib/gcc/aarch64-unknown-linux-gnu/12.1.0/lto-wrapper] ==> ignore
    arg [-plugin-opt=-fresolution=/tmp/ccMGCuYg.res] ==> ignore
    arg [-plugin-opt=-pass-through=-lgcc] ==> ignore
    arg [-plugin-opt=-pass-through=-lgcc_s] ==> ignore
    arg [-plugin-opt=-pass-through=-lc] ==> ignore
    arg [-plugin-opt=-pass-through=-lgcc] ==> ignore
    arg [-plugin-opt=-pass-through=-lgcc_s] ==> ignore
    arg [--build-id] ==> ignore
    arg [--eh-frame-hdr] ==> ignore
    arg [--hash-style=gnu] ==> ignore
    arg [-dynamic-linker] ==> ignore
    arg [/lib/ld-linux-aarch64.so.1] ==> ignore
    arg [-X] ==> ignore
    arg [-EL] ==> ignore
    arg [-maarch64linux] ==> ignore
    arg [--fix-cortex-a53-835769] ==> ignore
    arg [--fix-cortex-a53-843419] ==> ignore
    arg [-pie] ==> ignore
    arg [-o] ==> ignore
    arg [cmTC_f9c9a] ==> ignore
    arg [/usr/lib/gcc/aarch64-unknown-linux-gnu/12.1.0/../../../../lib/Scrt1.o] ==> obj [/usr/lib/gcc/aarch64-unknown-linux-gnu/12.1.0/../../../../lib/Scrt1.o]
    arg [/usr/lib/gcc/aarch64-unknown-linux-gnu/12.1.0/../../../../lib/crti.o] ==> obj [/usr/lib/gcc/aarch64-unknown-linux-gnu/12.1.0/../../../../lib/crti.o]
    arg [/usr/lib/gcc/aarch64-unknown-linux-gnu/12.1.0/crtbeginS.o] ==> obj [/usr/lib/gcc/aarch64-unknown-linux-gnu/12.1.0/crtbeginS.o]
    arg [-L/usr/lib/gcc/aarch64-unknown-linux-gnu/12.1.0] ==> dir [/usr/lib/gcc/aarch64-unknown-linux-gnu/12.1.0]
    arg [-L/usr/lib/gcc/aarch64-unknown-linux-gnu/12.1.0/../../../../lib] ==> dir [/usr/lib/gcc/aarch64-unknown-linux-gnu/12.1.0/../../../../lib]
    arg [-L/lib/../lib] ==> dir [/lib/../lib]
    arg [-L/usr/lib/../lib] ==> dir [/usr/lib/../lib]
    arg [-L/usr/lib/gcc/aarch64-unknown-linux-gnu/12.1.0/../../..] ==> dir [/usr/lib/gcc/aarch64-unknown-linux-gnu/12.1.0/../../..]
    arg [-O1] ==> ignore
    arg [--sort-common] ==> ignore
    arg [--as-needed] ==> ignore
    arg [-zrelro] ==> ignore
    arg [-znow] ==> ignore
    arg [CMakeFiles/cmTC_f9c9a.dir/CMakeCCompilerABI.c.o] ==> ignore
    arg [-lgcc] ==> lib [gcc]
    arg [--push-state] ==> ignore
    arg [--as-needed] ==> ignore
    arg [-lgcc_s] ==> lib [gcc_s]
    arg [--pop-state] ==> ignore
    arg [-lc] ==> lib [c]
    arg [-lgcc] ==> lib [gcc]
    arg [--push-state] ==> ignore
    arg [--as-needed] ==> ignore
    arg [-lgcc_s] ==> lib [gcc_s]
    arg [--pop-state] ==> ignore
    arg [/usr/lib/gcc/aarch64-unknown-linux-gnu/12.1.0/crtendS.o] ==> obj [/usr/lib/gcc/aarch64-unknown-linux-gnu/12.1.0/crtendS.o]
    arg [/usr/lib/gcc/aarch64-unknown-linux-gnu/12.1.0/../../../../lib/crtn.o] ==> obj [/usr/lib/gcc/aarch64-unknown-linux-gnu/12.1.0/../../../../lib/crtn.o]
  collapse obj [/usr/lib/gcc/aarch64-unknown-linux-gnu/12.1.0/../../../../lib/Scrt1.o] ==> [/usr/lib/Scrt1.o]
  collapse obj [/usr/lib/gcc/aarch64-unknown-linux-gnu/12.1.0/../../../../lib/crti.o] ==> [/usr/lib/crti.o]
  collapse obj [/usr/lib/gcc/aarch64-unknown-linux-gnu/12.1.0/../../../../lib/crtn.o] ==> [/usr/lib/crtn.o]
  collapse library dir [/usr/lib/gcc/aarch64-unknown-linux-gnu/12.1.0] ==> [/usr/lib/gcc/aarch64-unknown-linux-gnu/12.1.0]
  collapse library dir [/usr/lib/gcc/aarch64-unknown-linux-gnu/12.1.0/../../../../lib] ==> [/usr/lib]
  collapse library dir [/lib/../lib] ==> [/lib]
  collapse library dir [/usr/lib/../lib] ==> [/usr/lib]
  collapse library dir [/usr/lib/gcc/aarch64-unknown-linux-gnu/12.1.0/../../..] ==> [/usr/lib]
  implicit libs: [gcc;gcc_s;c;gcc;gcc_s]
  implicit objs: [/usr/lib/Scrt1.o;/usr/lib/crti.o;/usr/lib/gcc/aarch64-unknown-linux-gnu/12.1.0/crtbeginS.o;/usr/lib/gcc/aarch64-unknown-linux-gnu/12.1.0/crtendS.o;/usr/lib/crtn.o]
  implicit dirs: [/usr/lib/gcc/aarch64-unknown-linux-gnu/12.1.0;/usr/lib;/lib]
  implicit fwks: []


Performing C SOURCE FILE Test CMAKE_HAVE_LIBC_PTHREAD succeeded with the following output:
Change Dir: /home/builder/packages/nheko/src/build/CMakeFiles/CMakeTmp

Run Build Command(s):/usr/bin/make -f Makefile cmTC_b0aab/fast && /usr/bin/make  -f CMakeFiles/cmTC_b0aab.dir/build.make CMakeFiles/cmTC_b0aab.dir/build
make[1]: Entering directory '/home/builder/packages/nheko/src/build/CMakeFiles/CMakeTmp'
Building C object CMakeFiles/cmTC_b0aab.dir/src.c.o
/usr/bin/cc -DCMAKE_HAVE_LIBC_PTHREAD  -march=armv8-a -O2 -pipe -fstack-protector-strong -fno-plt -fexceptions         -Wp,-D_FORTIFY_SOURCE=2 -Wformat -Werror=format-security         -fstack-clash-protection  -fPIE -o CMakeFiles/cmTC_b0aab.dir/src.c.o -c /home/builder/packages/nheko/src/build/CMakeFiles/CMakeTmp/src.c
Linking C executable cmTC_b0aab
/usr/bin/cmake -E cmake_link_script CMakeFiles/cmTC_b0aab.dir/link.txt --verbose=1
/usr/bin/cc -march=armv8-a -O2 -pipe -fstack-protector-strong -fno-plt -fexceptions         -Wp,-D_FORTIFY_SOURCE=2 -Wformat -Werror=format-security         -fstack-clash-protection  -Wl,-O1,--sort-common,--as-needed,-z,relro,-z,now  CMakeFiles/cmTC_b0aab.dir/src.c.o -o cmTC_b0aab 
make[1]: Leaving directory '/home/builder/packages/nheko/src/build/CMakeFiles/CMakeTmp'


Source file was:
#include <pthread.h>

static void* test_func(void* data)
{
  return data;
}

int main(void)
{
  pthread_t thread;
  pthread_create(&thread, NULL, test_func, NULL);
  pthread_detach(thread);
  pthread_cancel(thread);
  pthread_join(thread, NULL);
  pthread_atfork(NULL, NULL, NULL);
  pthread_exit(NULL);

  return 0;
}

Determining if the backtrace_symbols_fd exist passed with the following output:
Change Dir: /home/builder/packages/nheko/src/build/CMakeFiles/CMakeTmp

Run Build Command(s):/usr/bin/make -f Makefile cmTC_9ce56/fast && /usr/bin/make  -f CMakeFiles/cmTC_9ce56.dir/build.make CMakeFiles/cmTC_9ce56.dir/build
make[1]: Entering directory '/home/builder/packages/nheko/src/build/CMakeFiles/CMakeTmp'
Building C object CMakeFiles/cmTC_9ce56.dir/CheckSymbolExists.c.o
/usr/bin/cc   -march=armv8-a -O2 -pipe -fstack-protector-strong -fno-plt -fexceptions         -Wp,-D_FORTIFY_SOURCE=2 -Wformat         -fstack-clash-protection  -fPIE -o CMakeFiles/cmTC_9ce56.dir/CheckSymbolExists.c.o -c /home/builder/packages/nheko/src/build/CMakeFiles/CMakeTmp/CheckSymbolExists.c
Linking C executable cmTC_9ce56
/usr/bin/cmake -E cmake_link_script CMakeFiles/cmTC_9ce56.dir/link.txt --verbose=1
/usr/bin/cc -march=armv8-a -O2 -pipe -fstack-protector-strong -fno-plt -fexceptions         -Wp,-D_FORTIFY_SOURCE=2 -Wformat         -fstack-clash-protection  -Wl,-O1,--sort-common,--as-needed,-z,relro,-z,now  CMakeFiles/cmTC_9ce56.dir/CheckSymbolExists.c.o -o cmTC_9ce56 
make[1]: Leaving directory '/home/builder/packages/nheko/src/build/CMakeFiles/CMakeTmp'


File /home/builder/packages/nheko/src/build/CMakeFiles/CMakeTmp/CheckSymbolExists.c:
/* */
#include <execinfo.h>

int main(int argc, char** argv)
{
  (void)argv;
#ifndef backtrace_symbols_fd
  return ((int*)(&backtrace_symbols_fd))[argc];
#else
  (void)argc;
  return 0;
#endif
}
